<?xml version="1.0" encoding="UTF-8"?>
<!-- Generated by org.testng.reporters.JUnitReportReporter -->
<testsuite hostname="Achu" failures="0" tests="4" name="testCases.CaCurrencyChangeTest" time="29.861" errors="0" timestamp="2023-11-21T18:52:01 GMT" skipped="0">
  <testcase classname="testCases.CaCurrencyChangeTest" name="VerifyCurrency1" time="17.121"/>
  <testcase classname="testCases.CaCurrencyChangeTest" name="VerifyCurrency2" time="3.271"/>
  <testcase classname="testCases.CaCurrencyChangeTest" name="VerifyProduct_checkout_page3" time="5.455"/>
  <testcase classname="testCases.CaCurrencyChangeTest" name="VerifyProduct_Biiling_DeliveryAddress" time="4.014"/>
</testsuite> <!-- testCases.CaCurrencyChangeTest -->
