<?xml version="1.0" encoding="UTF-8"?>
<!-- Generated by org.testng.reporters.JUnitReportReporter -->
<testsuite hostname="Achu" failures="0" tests="8" name="testCases.CaSearchProductTest" time="32.153" errors="0" timestamp="2023-10-23T19:20:45 BST" skipped="0">
  <testcase classname="testCases.CaSearchProductTest" name="Login" time="5.501"/>
  <testcase classname="testCases.CaSearchProductTest" name="SearchProduct" time="5.530"/>
  <testcase classname="testCases.CaSearchProductTest" name="VerifySearchedProduct" time="2.044"/>
  <testcase classname="testCases.CaSearchProductTest" name="FindProductFromDropdown" time="3.236"/>
  <testcase classname="testCases.CaSearchProductTest" name="VerifyProductListedFromDropdown" time="2.052"/>
  <testcase classname="testCases.CaSearchProductTest" name="SearchProductWithPartialName" time="4.736"/>
  <testcase classname="testCases.CaSearchProductTest" name="SearchProductWithInvalidName" time="7.000"/>
  <testcase classname="testCases.CaSearchProductTest" name="VerifyProductSearchWithInvalidName" time="2.054"/>
</testsuite> <!-- testCases.CaSearchProductTest -->
