<?xml version="1.0" encoding="UTF-8"?>
<!-- Generated by org.testng.reporters.JUnitReportReporter -->
<testsuite hostname="Achu" failures="0" tests="5" name="testCases.CaAddAccountTest" time="64.059" errors="0" timestamp="2023-10-20T11:56:20 BST" skipped="0">
  <testcase classname="testCases.CaAddAccountTest" name="createAccount" time="10.561"/>
  <testcase classname="testCases.CaAddAccountTest" name="createAccExistEmail" time="22.980"/>
  <testcase classname="testCases.CaAddAccountTest" name="createAccInvalid" time="9.525"/>
  <testcase classname="testCases.CaAddAccountTest" name="createAccEmpty" time="9.604"/>
  <testcase classname="testCases.CaAddAccountTest" name="createAccMandatoryFields" time="11.389"/>
</testsuite> <!-- testCases.CaAddAccountTest -->
