<?xml version="1.0" encoding="UTF-8"?>
<!-- Generated by org.testng.reporters.JUnitReportReporter -->
<testsuite hostname="Achu" failures="0" tests="8" name="testCases.CaSearchProductTest" time="33.258" errors="0" timestamp="2023-10-26T17:47:45 BST" skipped="0">
  <testcase classname="testCases.CaSearchProductTest" name="Login" time="5.909"/>
  <testcase classname="testCases.CaSearchProductTest" name="SearchProduct" time="6.020"/>
  <testcase classname="testCases.CaSearchProductTest" name="VerifySearchedProduct" time="2.042"/>
  <testcase classname="testCases.CaSearchProductTest" name="FindProductFromDropdown" time="3.550"/>
  <testcase classname="testCases.CaSearchProductTest" name="VerifyProductListedFromDropdown" time="2.041"/>
  <testcase classname="testCases.CaSearchProductTest" name="SearchProductWithPartialName" time="5.430"/>
  <testcase classname="testCases.CaSearchProductTest" name="SearchProductWithInvalidName" time="6.200"/>
  <testcase classname="testCases.CaSearchProductTest" name="VerifyProductSearchWithInvalidName" time="2.066"/>
</testsuite> <!-- testCases.CaSearchProductTest -->
