<?xml version="1.0" encoding="UTF-8"?>
<!-- Generated by org.testng.reporters.JUnitReportReporter -->
<testsuite hostname="Achu" failures="0" tests="3" name="testCases.CaProductPriceTotalVerifyTest" time="45.972" errors="0" timestamp="2023-10-31T18:18:58 GMT" skipped="0">
  <testcase classname="testCases.CaProductPriceTotalVerifyTest" name="ProductTotalPriceVerification" time="21.930"/>
  <testcase classname="testCases.CaProductPriceTotalVerifyTest" name="Login" time="5.087"/>
  <testcase classname="testCases.CaProductPriceTotalVerifyTest" name="ContinueShopFromCart" time="18.955"/>
</testsuite> <!-- testCases.CaProductPriceTotalVerifyTest -->
