<?xml version="1.0" encoding="UTF-8"?>
<!-- Generated by org.testng.reporters.JUnitReportReporter -->
<testsuite hostname="Achu" failures="0" tests="2" name="testCases.CaSoldOutProductTest" time="12.135" errors="0" timestamp="2023-11-01T18:33:12 GMT" skipped="0">
  <testcase classname="testCases.CaSoldOutProductTest" name="Login" time="4.725"/>
  <testcase classname="testCases.CaSoldOutProductTest" name="SoldOutProduct" time="7.410"/>
</testsuite> <!-- testCases.CaSoldOutProductTest -->
