<?xml version="1.0" encoding="UTF-8"?>
<!-- Generated by org.testng.reporters.JUnitReportReporter -->
<testsuite hostname="Achu" failures="0" tests="3" name="testCases.CaProductPriceTotalVerifyTest" time="36.632" errors="0" timestamp="2023-11-02T20:54:37 GMT" skipped="0">
  <testcase classname="testCases.CaProductPriceTotalVerifyTest" name="ProductTotalPriceVerification" time="14.102"/>
  <testcase classname="testCases.CaProductPriceTotalVerifyTest" name="Login" time="4.499"/>
  <testcase classname="testCases.CaProductPriceTotalVerifyTest" name="ContinueShopFromCart" time="18.031"/>
</testsuite> <!-- testCases.CaProductPriceTotalVerifyTest -->
