<?xml version="1.0" encoding="UTF-8"?>
<!-- Generated by org.testng.reporters.JUnitReportReporter -->
<testsuite hostname="Achu" failures="0" tests="5" name="testCases.CaResetPasswordTest" time="16.818" errors="0" timestamp="2023-10-17T19:39:46 BST" skipped="0">
  <testcase classname="testCases.CaResetPasswordTest" name="restPasswordCorrectDetail" time="6.140"/>
  <testcase classname="testCases.CaResetPasswordTest" name="resetPasswordEmptyField" time="2.318"/>
  <testcase classname="testCases.CaResetPasswordTest" name="resetPasswordInvalid" time="4.272"/>
  <testcase classname="testCases.CaResetPasswordTest" name="resetPasswordCancelLink" time="2.986"/>
  <testcase classname="testCases.CaResetPasswordTest" name="resetPassInvalidEmailFor" time="1.102"/>
</testsuite> <!-- testCases.CaResetPasswordTest -->
