<?xml version="1.0" encoding="UTF-8"?>
<!-- Generated by org.testng.reporters.JUnitReportReporter -->
<testsuite hostname="Achu" failures="0" tests="6" name="testCases.CaAddToCartTest" time="92.819" errors="0" timestamp="2023-10-26T19:38:18 BST" skipped="0">
  <testcase classname="testCases.CaAddToCartTest" name="Login" time="4.360"/>
  <testcase classname="testCases.CaAddToCartTest" name="AddToCart" time="17.992"/>
  <testcase classname="testCases.CaAddToCartTest" name="AddToCartTwo" time="17.550"/>
  <testcase classname="testCases.CaAddToCartTest" name="ProductQuantityIncrease" time="17.725"/>
  <testcase classname="testCases.CaAddToCartTest" name="ProductQuantityDecrease" time="17.661"/>
  <testcase classname="testCases.CaAddToCartTest" name="ProductQuantityEnterFromInputArea" time="17.531"/>
</testsuite> <!-- testCases.CaAddToCartTest -->
