<?xml version="1.0" encoding="UTF-8"?>
<!-- Generated by org.testng.reporters.JUnitReportReporter -->
<testsuite hostname="Achu" failures="0" tests="8" name="testCases.CaCheckoutAddressAddEditDeleTest" time="41.525" errors="0" timestamp="2023-11-19T17:45:05 GMT" skipped="0">
  <testcase classname="testCases.CaCheckoutAddressAddEditDeleTest" name="login" time="5.374"/>
  <testcase classname="testCases.CaCheckoutAddressAddEditDeleTest" name="search_product" time="7.793"/>
  <testcase classname="testCases.CaCheckoutAddressAddEditDeleTest" name="Clicked_single_item_add_to_cart" time="3.548"/>
  <testcase classname="testCases.CaCheckoutAddressAddEditDeleTest" name="Clicked_popup_checkout_click" time="4.050"/>
  <testcase classname="testCases.CaCheckoutAddressAddEditDeleTest" name="expand_ship_to_down_arrow" time="2.858"/>
  <testcase classname="testCases.CaCheckoutAddressAddEditDeleTest" name="three_dot_more_option_view_edit_delete" time="3.143"/>
  <testcase classname="testCases.CaCheckoutAddressAddEditDeleTest" name="click_edit_option" time="9.410"/>
  <testcase classname="testCases.CaCheckoutAddressAddEditDeleTest" name="Delete_address" time="5.349"/>
</testsuite> <!-- testCases.CaCheckoutAddressAddEditDeleTest -->
