<?xml version="1.0" encoding="UTF-8"?>
<!-- Generated by org.testng.reporters.JUnitReportReporter -->
<testsuite hostname="Achu" failures="0" tests="2" name="testCases.CaProductPriceTotalVerifyTest" time="22.544" errors="0" timestamp="2023-10-28T17:53:12 BST" skipped="0">
  <testcase classname="testCases.CaProductPriceTotalVerifyTest" name="Login" time="6.147"/>
  <testcase classname="testCases.CaProductPriceTotalVerifyTest" name="ProductTotalPriceVerification" time="16.397"/>
</testsuite> <!-- testCases.CaProductPriceTotalVerifyTest -->
