<?xml version="1.0" encoding="UTF-8"?>
<!-- Generated by org.testng.reporters.JUnitReportReporter -->
<testsuite hostname="Achu" failures="0" tests="5" name="testCases.CaResetPasswordTest" time="22.341" errors="0" timestamp="2023-10-20T11:56:20 BST" skipped="0">
  <testcase classname="testCases.CaResetPasswordTest" name="restPasswordCorrectDetail" time="8.069"/>
  <testcase classname="testCases.CaResetPasswordTest" name="resetPasswordEmptyField" time="3.111"/>
  <testcase classname="testCases.CaResetPasswordTest" name="resetPasswordInvalid" time="5.167"/>
  <testcase classname="testCases.CaResetPasswordTest" name="resetPasswordCancelLink" time="4.026"/>
  <testcase classname="testCases.CaResetPasswordTest" name="resetPassInvalidEmailFor" time="1.968"/>
</testsuite> <!-- testCases.CaResetPasswordTest -->
