<?xml version="1.0" encoding="UTF-8"?>
<!-- Generated by org.testng.reporters.JUnitReportReporter -->
<testsuite hostname="Achu" failures="0" tests="1" name="testCases.CaFindBrokenLinksPageTest" time="165.208" errors="0" timestamp="2023-11-29T18:15:24 GMT" skipped="0">
  <testcase classname="testCases.CaFindBrokenLinksPageTest" name="FindBrokenLinks" time="165.208"/>
</testsuite> <!-- testCases.CaFindBrokenLinksPageTest -->
