<?xml version="1.0" encoding="UTF-8"?>
<!-- Generated by org.testng.reporters.JUnitReportReporter -->
<testsuite hostname="Achu" failures="0" tests="3" name="testCases.CheckCrossBrowser" time="31.909" errors="0" timestamp="2023-11-04T17:48:46 GMT" skipped="0">
  <testcase classname="testCases.CheckCrossBrowser" name="LoginFormValid" time="11.548"/>
  <testcase classname="testCases.CheckCrossBrowser" name="LoginFormValid" time="9.695"/>
  <testcase classname="testCases.CheckCrossBrowser" name="LoginFormValid" time="10.666"/>
</testsuite> <!-- testCases.CheckCrossBrowser -->
