<?xml version="1.0" encoding="UTF-8"?>
<!-- Generated by org.testng.reporters.JUnitReportReporter -->
<testsuite hostname="Achu" failures="0" tests="1" name="testCases.CaPaymentModeTest" time="21.050" errors="0" timestamp="2023-11-19T21:14:50 GMT" skipped="0">
  <testcase classname="testCases.CaPaymentModeTest" name="login" time="21.050"/>
</testsuite> <!-- testCases.CaPaymentModeTest -->
