<?xml version="1.0" encoding="UTF-8"?>
<!-- Generated by org.testng.reporters.JUnitReportReporter -->
<testsuite hostname="Achu" failures="0" tests="5" name="testCases.CaAddAccountTest" time="58.328" errors="0" timestamp="2023-10-26T17:47:45 BST" skipped="0">
  <testcase classname="testCases.CaAddAccountTest" name="createAccount" time="8.340"/>
  <testcase classname="testCases.CaAddAccountTest" name="createAccExistEmail" time="22.934"/>
  <testcase classname="testCases.CaAddAccountTest" name="createAccInvalid" time="8.750"/>
  <testcase classname="testCases.CaAddAccountTest" name="createAccEmpty" time="8.412"/>
  <testcase classname="testCases.CaAddAccountTest" name="createAccMandatoryFields" time="9.892"/>
</testsuite> <!-- testCases.CaAddAccountTest -->
