<?xml version="1.0" encoding="UTF-8"?>
<!-- Generated by org.testng.reporters.JUnitReportReporter -->
<testsuite hostname="Achu" failures="0" tests="5" name="testCases.CaAddAccountTest" time="67.944" errors="0" timestamp="2023-11-19T15:40:01 GMT" skipped="0">
  <testcase classname="testCases.CaAddAccountTest" name="createAccount" time="10.288"/>
  <testcase classname="testCases.CaAddAccountTest" name="createAccExistEmail" time="23.836"/>
  <testcase classname="testCases.CaAddAccountTest" name="createAccInvalid" time="11.831"/>
  <testcase classname="testCases.CaAddAccountTest" name="createAccEmpty" time="10.736"/>
  <testcase classname="testCases.CaAddAccountTest" name="createAccMandatoryFields" time="11.253"/>
</testsuite> <!-- testCases.CaAddAccountTest -->
