<?xml version="1.0" encoding="UTF-8"?>
<!-- Generated by org.testng.reporters.JUnitReportReporter -->
<testsuite hostname="Achu" failures="0" tests="4" name="testCases.CaAddAccountTest" time="45.459" errors="0" timestamp="2023-10-16T18:45:13 BST" skipped="0">
  <testcase classname="testCases.CaAddAccountTest" name="test1" time="6.992"/>
  <testcase classname="testCases.CaAddAccountTest" name="test2" time="21.292"/>
  <testcase classname="testCases.CaAddAccountTest" name="test3" time="9.787"/>
  <testcase classname="testCases.CaAddAccountTest" name="test4" time="7.388"/>
</testsuite> <!-- testCases.CaAddAccountTest -->
