<?xml version="1.0" encoding="UTF-8"?>
<!-- Generated by org.testng.reporters.JUnitReportReporter -->
<testsuite hostname="Achu" failures="0" tests="1" name="testCases.CaAccessEmptyCartTest" time="4.674" errors="0" timestamp="2023-11-20T22:39:02 GMT" skipped="0">
  <testcase classname="testCases.CaAccessEmptyCartTest" name="navigateToEmptyCart" time="4.674"/>
</testsuite> <!-- testCases.CaAccessEmptyCartTest -->
