<?xml version="1.0" encoding="UTF-8"?>
<!-- Generated by org.testng.reporters.JUnitReportReporter -->
<testsuite hostname="Achu" failures="0" tests="3" name="testCases.CaContactUsTest" time="58.187" errors="0" timestamp="2023-11-16T17:20:03 GMT" skipped="0">
  <testcase classname="testCases.CaContactUsTest" name="NavigateToContactUsPage" time="18.468"/>
  <testcase classname="testCases.CaContactUsTest" name="EmptysubmitContactusForm" time="20.287"/>
  <testcase classname="testCases.CaContactUsTest" name="InvalidEmailContactusForm" time="19.432"/>
</testsuite> <!-- testCases.CaContactUsTest -->
