<?xml version="1.0" encoding="UTF-8"?>
<!-- Generated by org.testng.reporters.JUnitReportReporter -->
<testsuite hostname="Achu" failures="0" tests="8" name="testCases.CaAddToCartTest" time="121.166" errors="0" timestamp="2023-10-28T17:18:10 BST" skipped="0">
  <testcase classname="testCases.CaAddToCartTest" name="Login" time="5.444"/>
  <testcase classname="testCases.CaAddToCartTest" name="AddToCart" time="17.830"/>
  <testcase classname="testCases.CaAddToCartTest" name="AddToCartTwo" time="18.061"/>
  <testcase classname="testCases.CaAddToCartTest" name="ProductQuantityIncrease" time="17.978"/>
  <testcase classname="testCases.CaAddToCartTest" name="ProductQuantityDecrease" time="19.155"/>
  <testcase classname="testCases.CaAddToCartTest" name="ProductQuantityEnterFromInputArea" time="20.031"/>
  <testcase classname="testCases.CaAddToCartTest" name="emptyCart" time="1.129"/>
  <testcase classname="testCases.CaAddToCartTest" name="ProductQuantityVerification" time="21.538"/>
</testsuite> <!-- testCases.CaAddToCartTest -->
